<?xml version="1.0" encoding="UTF-8"?>
<testsuite xmlns:xsi="http://www.w3.org/2001/XMLSchema-instance" xsi:noNamespaceSchemaLocation="https://maven.apache.org/surefire/maven-surefire-plugin/xsd/surefire-test-report.xsd" name="local.onlits2001.AppTest" time="2.86" tests="2" errors="1" skipped="0" failures="0">
  <properties>
[...]
</properties>
  <testcase name="souldReturnHelloWorld" classname="local.onlits2001.AppTest" time="0.014"/>
  <testcase name="shouldReturnDataCreated" classname="local.onlits2001.AppTest" time="2.712">
    <error message="Unable to locate persister: local.onlits2001.Student" type="org.hibernate.UnknownEntityTypeException">org.hibernate.UnknownEntityTypeException: Unable to locate persister: local.onlits2001.Student
	at local.onlits2001.AppTest.shouldReturnDataCreated(AppTest.java:23)
</error>
    <system-err><![CDATA[Aug 17, 2023 3:18:46 PM org.hibernate.Version logVersion
INFO: HHH000412: Hibernate ORM core version 6.1.0.Final
Aug 17, 2023 3:18:47 PM org.hibernate.engine.jdbc.connections.internal.DriverManagerConnectionProviderImpl configure
WARN: HHH10001002: Using built-in connection pool (not intended for production use)
Aug 17, 2023 3:18:47 PM org.hibernate.engine.jdbc.connections.internal.DriverManagerConnectionProviderImpl buildCreator
INFO: HHH10001005: Loaded JDBC driver class: org.mariadb.jdbc.Driver
Aug 17, 2023 3:18:47 PM org.hibernate.engine.jdbc.connections.internal.DriverManagerConnectionProviderImpl buildCreator
INFO: HHH10001012: Connecting with JDBC URL [jdbc:mariadb://localhost:3306/hibernate_crud_2001]
Aug 17, 2023 3:18:47 PM org.hibernate.engine.jdbc.connections.internal.DriverManagerConnectionProviderImpl buildCreator
INFO: HHH10001001: Connection properties: {password=****, user=onlits2001}
Aug 17, 2023 3:18:47 PM org.hibernate.engine.jdbc.connections.internal.DriverManagerConnectionProviderImpl buildCreator
INFO: HHH10001003: Autocommit mode: false
Aug 17, 2023 3:18:47 PM org.hibernate.engine.jdbc.connections.internal.DriverManagerConnectionProviderImpl$PooledConnections <init>
INFO: HHH10001115: Connection pool size: 20 (min=1)
Aug 17, 2023 3:18:47 PM org.hibernate.engine.jdbc.dialect.internal.DialectFactoryImpl logSelectedDialect
INFO: HHH000400: Using dialect: org.hibernate.dialect.MariaDBDialect
Aug 17, 2023 3:18:48 PM org.hibernate.engine.transaction.jta.platform.internal.JtaPlatformInitiator initiateService
INFO: HHH000490: Using JtaPlatform implementation: [org.hibernate.engine.transaction.jta.platform.internal.NoJtaPlatform]
]]></system-err>
  </testcase>
</testsuite>